2025-01-28 18:17:21 [INFO] Intentando iniciar sesión para: admin 
2025-01-28 18:17:22 [INFO] Sesión establecida para usuario ID: 1 
2025-01-28 18:17:33 [INFO] Intentando iniciar sesión para: admin 
2025-01-28 18:17:34 [INFO] Sesión establecida para usuario ID: 1 
2025-01-29 07:22:52 [INFO] Intentando iniciar sesión para: admin 
2025-01-29 07:22:53 [WARN] Contraseña incorrecta 
2025-01-29 07:23:07 [INFO] Intentando iniciar sesión para: admins 
2025-01-29 07:23:08 [WARN] Usuario no encontrado 
2025-01-29 07:23:16 [INFO] Intentando iniciar sesión para: admin 
2025-01-29 07:23:16 [INFO] Sesión establecida 
2025-01-29 07:28:15 [INFO] Intentando iniciar sesión para: admin 
2025-01-29 07:28:16 [INFO] Sesión establecida 
2025-01-29 19:39:30 [INFO] Intentando iniciar sesión para: admin 
2025-01-29 19:39:30 [INFO] Sesión establecida 
2025-01-29 19:48:52 [INFO] Intentando iniciar sesión para: admin 
2025-01-29 19:48:53 [INFO] Sesión establecida 
2025-01-29 20:06:16 [INFO] Intentando iniciar sesión para: admin 
2025-01-29 20:06:16 [INFO] Sesión establecida 
2025-01-29 20:07:14 [INFO] Intentando iniciar sesión para: admin 
2025-01-29 20:07:15 [INFO] Sesión establecida 
2025-01-29 20:08:33 [INFO] Intentando iniciar sesión para: admin 
2025-01-29 20:08:34 [INFO] Sesión establecida 
2025-01-29 20:20:39 [INFO] Intentando iniciar sesión para: admin 
2025-01-29 20:20:40 [INFO] Sesión establecida 
2025-01-29 20:21:56 [INFO] Intentando iniciar sesión para: admin 
2025-01-29 20:21:56 [INFO] Sesión establecida 
2025-01-29 20:32:13 [INFO] Intentando iniciar sesión para: admin 
2025-01-29 20:32:13 [INFO] Sesión establecida 
2025-01-29 20:35:02 [INFO] Intentando iniciar sesión para: admin 
2025-01-29 20:35:03 [INFO] Sesión establecida 
2025-01-29 20:35:03 [INFO] Acceso a main.html 
2025-01-29 20:36:38 [INFO] Intentando iniciar sesión para: admin 
2025-01-29 20:36:39 [INFO] Sesión establecida 
2025-01-29 20:37:46 [INFO] Intentando iniciar sesión para: admin 
2025-01-29 20:37:46 [INFO] Sesión establecida 
2025-01-29 20:37:46 [INFO] Acceso a main.html 
2025-01-29 20:37:59 [INFO] Intentando iniciar sesión para: admin 
2025-01-29 20:37:59 [INFO] Intentando iniciar sesión para: admin 
2025-01-29 20:38:00 [INFO] Sesión establecida 
2025-01-29 20:38:00 [INFO] Sesión establecida 
2025-01-29 20:38:00 [INFO] Acceso a main.html 
2025-01-29 20:38:08 [INFO] Intentando iniciar sesión para: admin 
2025-01-29 20:38:08 [INFO] Sesión establecida 
2025-01-29 20:38:08 [INFO] Acceso a main.html 
